C:\Users\Elay\Workspace\SetupLab\SetupLab\x64\Debug\cl.command.1.tlog
C:\Users\Elay\Workspace\SetupLab\SetupLab\x64\Debug\CL.read.1.tlog
C:\Users\Elay\Workspace\SetupLab\SetupLab\x64\Debug\CL.write.1.tlog
C:\Users\Elay\Workspace\SetupLab\SetupLab\x64\Debug\link.4868.read.1.tlog
C:\Users\Elay\Workspace\SetupLab\SetupLab\x64\Debug\link.4868.write.1.tlog
C:\Users\Elay\Workspace\SetupLab\SetupLab\x64\Debug\link.4868-cvtres.read.1.tlog
C:\Users\Elay\Workspace\SetupLab\SetupLab\x64\Debug\link.4868-cvtres.write.1.tlog
C:\Users\Elay\Workspace\SetupLab\SetupLab\x64\Debug\link.command.1.tlog
C:\Users\Elay\Workspace\SetupLab\SetupLab\x64\Debug\link.read.1.tlog
C:\Users\Elay\Workspace\SetupLab\SetupLab\x64\Debug\link.write.1.tlog
C:\Users\Elay\Workspace\SetupLab\SetupLab\x64\Debug\link-cvtres.read.1.tlog
C:\Users\Elay\Workspace\SetupLab\SetupLab\x64\Debug\link-cvtres.write.1.tlog
C:\Users\Elay\Workspace\SetupLab\SetupLab\x64\Debug\mt.command.1.tlog
C:\Users\Elay\Workspace\SetupLab\SetupLab\x64\Debug\mt.read.1.tlog
C:\Users\Elay\Workspace\SetupLab\SetupLab\x64\Debug\mt.write.1.tlog
C:\Users\Elay\Workspace\SetupLab\SetupLab\x64\Debug\rc.command.1.tlog
C:\Users\Elay\Workspace\SetupLab\SetupLab\x64\Debug\rc.read.1.tlog
C:\Users\Elay\Workspace\SetupLab\SetupLab\x64\Debug\rc.write.1.tlog
C:\USERS\ELAY\WORKSPACE\SETUPLAB\SETUPLAB\X64\DEBUG\SETUPLAB.EXE.EMBED.MANIFEST
C:\USERS\ELAY\WORKSPACE\SETUPLAB\SETUPLAB\X64\DEBUG\SETUPLAB.EXE.EMBED.MANIFEST.RES
C:\USERS\ELAY\WORKSPACE\SETUPLAB\SETUPLAB\X64\DEBUG\SETUPLAB.EXE.INTERMEDIATE.MANIFEST
C:\Users\Elay\Workspace\SetupLab\SetupLab\x64\Debug\SetupLab.vcxprojResolveAssemblyReference.cache
C:\Users\Elay\Workspace\SetupLab\SetupLab\x64\Debug\SetupLab.write.1.tlog
C:\Users\Elay\Workspace\SetupLab\SetupLab\x64\Debug\SetupLab_manifest.rc
C:\USERS\ELAY\WORKSPACE\SETUPLAB\SETUPLAB\X64\DEBUG\TEST.OBJ
C:\USERS\ELAY\WORKSPACE\SETUPLAB\SETUPLAB\X64\DEBUG\UNWRAP.OBJ
C:\USERS\ELAY\WORKSPACE\SETUPLAB\SETUPLAB\X64\DEBUG\UNWRAP1.OBJ
C:\Users\Elay\Workspace\SetupLab\SetupLab\x64\Debug\vc100.idb
C:\USERS\ELAY\WORKSPACE\SETUPLAB\SETUPLAB\X64\DEBUG\VC100.PDB
C:\USERS\ELAY\WORKSPACE\SETUPLAB\X64\DEBUG\SETUPLAB.EXE
C:\USERS\ELAY\WORKSPACE\SETUPLAB\X64\DEBUG\SETUPLAB.ILK
C:\USERS\ELAY\WORKSPACE\SETUPLAB\X64\DEBUG\SETUPLAB.PDB
