Build started 6/16/2014 3:37:26 PM.
     1>Project "C:\Users\Elay\Workspace\Unwarps\Unwarps\Unwarps.vcxproj" on node 2 (rebuild target(s)).
     1>InitializeBuildStatus:
         Creating "x64\Debug\Unwarps.unsuccessfulbuild" because "AlwaysCreate" was specified.
       ClCompile:
         c:\Program Files (x86)\Microsoft Visual Studio 10.0\VC\bin\x86_amd64\CL.exe /c /IC:\Users\Elay\Workspace\opencv\build\include /Zi /nologo /W3 /WX- /Od /D WIN32 /D _DEBUG /D _CONSOLE /D _UNICODE /D UNICODE /Gm /EHsc /RTC1 /MDd /GS /fp:precise /Zc:wchar_t /Zc:forScope /Fo"x64\Debug\\" /Fd"x64\Debug\vc100.pdb" /Gd /TP /errorReport:prompt Test.cpp unwrap.cpp unwrap1.cpp
         unwrap1.cpp
         unwrap.cpp
         Test.cpp
         Generating Code...
       ManifestResourceCompile:
         C:\Program Files (x86)\Microsoft SDKs\Windows\v7.0A\bin\rc.exe /nologo /fo"x64\Debug\Unwarps.exe.embed.manifest.res" x64\Debug\Unwarps_manifest.rc 
       Link:
         c:\Program Files (x86)\Microsoft Visual Studio 10.0\VC\bin\x86_amd64\link.exe /ERRORREPORT:PROMPT /OUT:"C:\Users\Elay\Workspace\Unwarps\x64\Debug\Unwarps.exe" /INCREMENTAL /NOLOGO /LIBPATH:C:\Users\Elay\Workspace\opencv\build\x64\vc10\lib opencv_calib3d246d.lib opencv_contrib246d.lib opencv_core246d.lib opencv_features2d246d.lib opencv_flann246d.lib opencv_gpu246d.lib opencv_haartraining_engined.lib opencv_highgui246d.lib opencv_imgproc246d.lib opencv_legacy246d.lib opencv_ml246d.lib opencv_nonfree246d.lib opencv_objdetect246d.lib opencv_photo246d.lib opencv_stitching246d.lib opencv_ts246d.lib opencv_video246d.lib opencv_videostab246d.lib kernel32.lib user32.lib gdi32.lib winspool.lib comdlg32.lib advapi32.lib shell32.lib ole32.lib oleaut32.lib uuid.lib odbc32.lib odbccp32.lib /MANIFEST /ManifestFile:"x64\Debug\Unwarps.exe.intermediate.manifest" /MANIFESTUAC:"level='asInvoker' uiAccess='false'" /DEBUG /PDB:"C:\Users\Elay\Workspace\Unwarps\x64\Debug\Unwarps.pdb" /SUBSYSTEM:CONSOLE /TLBID:1 /DYNAMICBASE /NXCOMPAT /IMPLIB:"C:\Users\Elay\Workspace\Unwarps\x64\Debug\Unwarps.lib" /MACHINE:X64 x64\Debug\Unwarps.exe.embed.manifest.res
         x64\Debug\Test.obj
         x64\Debug\unwrap.obj
         x64\Debug\unwrap1.obj
         Unwarps.vcxproj -> C:\Users\Elay\Workspace\Unwarps\x64\Debug\Unwarps.exe
       Manifest:
         Deleting file "x64\Debug\Unwarps.exe.embed.manifest".
         C:\Program Files (x86)\Microsoft SDKs\Windows\v7.0A\bin\mt.exe /nologo /verbose /out:"x64\Debug\Unwarps.exe.embed.manifest" /manifest x64\Debug\Unwarps.exe.intermediate.manifest
         C:\Program Files (x86)\Microsoft SDKs\Windows\v7.0A\bin\rc.exe /nologo /fo"x64\Debug\Unwarps.exe.embed.manifest.res" x64\Debug\Unwarps_manifest.rc 
       LinkEmbedManifest:
         c:\Program Files (x86)\Microsoft Visual Studio 10.0\VC\bin\x86_amd64\link.exe /ERRORREPORT:PROMPT /OUT:"C:\Users\Elay\Workspace\Unwarps\x64\Debug\Unwarps.exe" /INCREMENTAL /NOLOGO /LIBPATH:C:\Users\Elay\Workspace\opencv\build\x64\vc10\lib opencv_calib3d246d.lib opencv_contrib246d.lib opencv_core246d.lib opencv_features2d246d.lib opencv_flann246d.lib opencv_gpu246d.lib opencv_haartraining_engined.lib opencv_highgui246d.lib opencv_imgproc246d.lib opencv_legacy246d.lib opencv_ml246d.lib opencv_nonfree246d.lib opencv_objdetect246d.lib opencv_photo246d.lib opencv_stitching246d.lib opencv_ts246d.lib opencv_video246d.lib opencv_videostab246d.lib kernel32.lib user32.lib gdi32.lib winspool.lib comdlg32.lib advapi32.lib shell32.lib ole32.lib oleaut32.lib uuid.lib odbc32.lib odbccp32.lib /MANIFEST /ManifestFile:"x64\Debug\Unwarps.exe.intermediate.manifest" /MANIFESTUAC:"level='asInvoker' uiAccess='false'" /DEBUG /PDB:"C:\Users\Elay\Workspace\Unwarps\x64\Debug\Unwarps.pdb" /SUBSYSTEM:CONSOLE /TLBID:1 /DYNAMICBASE /NXCOMPAT /IMPLIB:"C:\Users\Elay\Workspace\Unwarps\x64\Debug\Unwarps.lib" /MACHINE:X64 x64\Debug\Unwarps.exe.embed.manifest.res
         x64\Debug\Test.obj
         x64\Debug\unwrap.obj
         x64\Debug\unwrap1.obj
         Unwarps.vcxproj -> C:\Users\Elay\Workspace\Unwarps\x64\Debug\Unwarps.exe
       FinalizeBuildStatus:
         Deleting file "x64\Debug\Unwarps.unsuccessfulbuild".
         Touching "x64\Debug\Unwarps.lastbuildstate".
     1>Done Building Project "C:\Users\Elay\Workspace\Unwarps\Unwarps\Unwarps.vcxproj" (rebuild target(s)).

Build succeeded.

Time Elapsed 00:00:01.03
