C:\USERS\ELAY\WORKSPACE\LABVISUALSTUDIO\CALIB\CALIB\X64\DEBUG\CALIB.EXE.EMBED.MANIFEST
C:\USERS\ELAY\WORKSPACE\LABVISUALSTUDIO\CALIB\CALIB\X64\DEBUG\CALIB.EXE.EMBED.MANIFEST.RES
C:\USERS\ELAY\WORKSPACE\LABVISUALSTUDIO\CALIB\CALIB\X64\DEBUG\CALIB.EXE.INTERMEDIATE.MANIFEST
C:\USERS\ELAY\WORKSPACE\LABVISUALSTUDIO\CALIB\CALIB\X64\DEBUG\CALIB.OBJ
C:\Users\Elay\Workspace\LabVisualStudio\Calib\Calib\x64\Debug\Calib.write.1.tlog
C:\Users\Elay\Workspace\LabVisualStudio\Calib\Calib\x64\Debug\Calib_manifest.rc
C:\USERS\ELAY\WORKSPACE\LABVISUALSTUDIO\CALIB\CALIB\X64\DEBUG\CART2SPHERE.OBJ
C:\Users\Elay\Workspace\LabVisualStudio\Calib\Calib\x64\Debug\cl.command.1.tlog
C:\Users\Elay\Workspace\LabVisualStudio\Calib\Calib\x64\Debug\CL.read.1.tlog
C:\Users\Elay\Workspace\LabVisualStudio\Calib\Calib\x64\Debug\CL.write.1.tlog
C:\Users\Elay\Workspace\LabVisualStudio\Calib\Calib\x64\Debug\link.3500.read.1.tlog
C:\Users\Elay\Workspace\LabVisualStudio\Calib\Calib\x64\Debug\link.3500.write.1.tlog
C:\Users\Elay\Workspace\LabVisualStudio\Calib\Calib\x64\Debug\link.3500-cvtres.read.1.tlog
C:\Users\Elay\Workspace\LabVisualStudio\Calib\Calib\x64\Debug\link.3500-cvtres.write.1.tlog
C:\Users\Elay\Workspace\LabVisualStudio\Calib\Calib\x64\Debug\link.command.1.tlog
C:\Users\Elay\Workspace\LabVisualStudio\Calib\Calib\x64\Debug\link.read.1.tlog
C:\Users\Elay\Workspace\LabVisualStudio\Calib\Calib\x64\Debug\link.write.1.tlog
C:\Users\Elay\Workspace\LabVisualStudio\Calib\Calib\x64\Debug\link-cvtres.read.1.tlog
C:\Users\Elay\Workspace\LabVisualStudio\Calib\Calib\x64\Debug\link-cvtres.write.1.tlog
C:\USERS\ELAY\WORKSPACE\LABVISUALSTUDIO\CALIB\CALIB\X64\DEBUG\MAIN.OBJ
C:\Users\Elay\Workspace\LabVisualStudio\Calib\Calib\x64\Debug\mt.command.1.tlog
C:\Users\Elay\Workspace\LabVisualStudio\Calib\Calib\x64\Debug\mt.read.1.tlog
C:\Users\Elay\Workspace\LabVisualStudio\Calib\Calib\x64\Debug\mt.write.1.tlog
C:\Users\Elay\Workspace\LabVisualStudio\Calib\Calib\x64\Debug\rc.command.1.tlog
C:\Users\Elay\Workspace\LabVisualStudio\Calib\Calib\x64\Debug\rc.read.1.tlog
C:\Users\Elay\Workspace\LabVisualStudio\Calib\Calib\x64\Debug\rc.write.1.tlog
C:\USERS\ELAY\WORKSPACE\LABVISUALSTUDIO\CALIB\CALIB\X64\DEBUG\TEST.OBJ
C:\Users\Elay\Workspace\LabVisualStudio\Calib\Calib\x64\Debug\vc100.idb
C:\USERS\ELAY\WORKSPACE\LABVISUALSTUDIO\CALIB\CALIB\X64\DEBUG\VC100.PDB
C:\USERS\ELAY\WORKSPACE\LABVISUALSTUDIO\CALIB\X64\DEBUG\CALIB.EXE
C:\USERS\ELAY\WORKSPACE\LABVISUALSTUDIO\CALIB\X64\DEBUG\CALIB.ILK
C:\USERS\ELAY\WORKSPACE\LABVISUALSTUDIO\CALIB\X64\DEBUG\CALIB.PDB
