C:\Users\Elay\Workspace\LabVisualStudio\SetupLab\SetupLab\x64\Debug\cl.command.1.tlog
C:\Users\Elay\Workspace\LabVisualStudio\SetupLab\SetupLab\x64\Debug\CL.read.1.tlog
C:\Users\Elay\Workspace\LabVisualStudio\SetupLab\SetupLab\x64\Debug\CL.write.1.tlog
C:\USERS\ELAY\WORKSPACE\LABVISUALSTUDIO\SETUPLAB\SETUPLAB\X64\DEBUG\FEATUREPOINTMATCHING.OBJ
C:\Users\Elay\Workspace\LabVisualStudio\SetupLab\SetupLab\x64\Debug\link.command.1.tlog
C:\Users\Elay\Workspace\LabVisualStudio\SetupLab\SetupLab\x64\Debug\link.read.1.tlog
C:\Users\Elay\Workspace\LabVisualStudio\SetupLab\SetupLab\x64\Debug\link.write.1.tlog
C:\Users\Elay\Workspace\LabVisualStudio\SetupLab\SetupLab\x64\Debug\link-cvtres.read.1.tlog
C:\Users\Elay\Workspace\LabVisualStudio\SetupLab\SetupLab\x64\Debug\link-cvtres.write.1.tlog
C:\Users\Elay\Workspace\LabVisualStudio\SetupLab\SetupLab\x64\Debug\rc.command.1.tlog
C:\Users\Elay\Workspace\LabVisualStudio\SetupLab\SetupLab\x64\Debug\rc.read.1.tlog
C:\Users\Elay\Workspace\LabVisualStudio\SetupLab\SetupLab\x64\Debug\rc.write.1.tlog
C:\Users\Elay\Workspace\LabVisualStudio\SetupLab\SetupLab\x64\Debug\SetupLab.exe.embed.manifest
C:\USERS\ELAY\WORKSPACE\LABVISUALSTUDIO\SETUPLAB\SETUPLAB\X64\DEBUG\SETUPLAB.EXE.EMBED.MANIFEST.RES
C:\Users\Elay\Workspace\LabVisualStudio\SetupLab\SetupLab\x64\Debug\SetupLab.exe.intermediate.manifest
C:\Users\Elay\Workspace\LabVisualStudio\SetupLab\SetupLab\x64\Debug\SetupLab.write.1.tlog
C:\Users\Elay\Workspace\LabVisualStudio\SetupLab\SetupLab\x64\Debug\SetupLab_manifest.rc
C:\Users\Elay\Workspace\LabVisualStudio\SetupLab\SetupLab\x64\Debug\vc100.idb
C:\USERS\ELAY\WORKSPACE\LABVISUALSTUDIO\SETUPLAB\SETUPLAB\X64\DEBUG\VC100.PDB
C:\Users\Elay\Workspace\LabVisualStudio\SetupLab\x64\Debug\SetupLab.pdb
