C:\USERS\ELAY\DESKTOP\MIMLAR\MARKERLESS\X64\DEBUG\ARDRAWINGCONTEXT.OBJ
C:\USERS\ELAY\DESKTOP\MIMLAR\MARKERLESS\X64\DEBUG\ARPIPELINE.OBJ
C:\USERS\ELAY\DESKTOP\MIMLAR\MARKERLESS\X64\DEBUG\CAMERACALIBRATION.OBJ
C:\Users\Elay\Desktop\MIMLAR\MarkerLess\x64\Debug\cl.command.1.tlog
C:\Users\Elay\Desktop\MIMLAR\MarkerLess\x64\Debug\CL.read.1.tlog
C:\Users\Elay\Desktop\MIMLAR\MarkerLess\x64\Debug\CL.write.1.tlog
C:\USERS\ELAY\DESKTOP\MIMLAR\MARKERLESS\X64\DEBUG\CVFUNCTION.OBJ
C:\USERS\ELAY\DESKTOP\MIMLAR\MARKERLESS\X64\DEBUG\GEOMETRYTYPES.OBJ
C:\Users\Elay\Desktop\MIMLAR\MarkerLess\x64\Debug\link.command.1.tlog
C:\Users\Elay\Desktop\MIMLAR\MarkerLess\x64\Debug\link.read.1.tlog
C:\Users\Elay\Desktop\MIMLAR\MarkerLess\x64\Debug\link.write.1.tlog
C:\USERS\ELAY\DESKTOP\MIMLAR\MARKERLESS\X64\DEBUG\MAIN.OBJ
C:\USERS\ELAY\DESKTOP\MIMLAR\MARKERLESS\X64\DEBUG\MARKERLESS.EXE.INTERMEDIATE.MANIFEST
C:\Users\Elay\Desktop\MIMLAR\MarkerLess\x64\Debug\MarkerLess.write.1.tlog
C:\Users\Elay\Desktop\MIMLAR\MarkerLess\x64\Debug\mt.command.1.tlog
C:\Users\Elay\Desktop\MIMLAR\MarkerLess\x64\Debug\mt.read.1.tlog
C:\Users\Elay\Desktop\MIMLAR\MarkerLess\x64\Debug\mt.write.1.tlog
C:\USERS\ELAY\DESKTOP\MIMLAR\MARKERLESS\X64\DEBUG\PATTERN.OBJ
C:\USERS\ELAY\DESKTOP\MIMLAR\MARKERLESS\X64\DEBUG\PATTERNDETECTOR.OBJ
C:\USERS\ELAY\DESKTOP\MIMLAR\MARKERLESS\X64\DEBUG\TEST.OBJ
C:\Users\Elay\Desktop\MIMLAR\MarkerLess\x64\Debug\vc100.idb
C:\USERS\ELAY\DESKTOP\MIMLAR\MARKERLESS\X64\DEBUG\VC100.PDB
C:\USERS\ELAY\DESKTOP\MIMLAR\X64\DEBUG\MARKERLESS.EXE
C:\USERS\ELAY\DESKTOP\MIMLAR\X64\DEBUG\MARKERLESS.ILK
C:\USERS\ELAY\DESKTOP\MIMLAR\X64\DEBUG\MARKERLESS.PDB
